D:\EMBL\Yale\Code\Matlab\MLE_sCMOS\Own Project_David code\sCMOS_MLE_YL\sCMOS_MLE\x64\Release\cl.command.1.tlog
D:\EMBL\Yale\Code\Matlab\MLE_sCMOS\Own Project_David code\sCMOS_MLE_YL\sCMOS_MLE\x64\Release\CL.read.1.tlog
D:\EMBL\Yale\Code\Matlab\MLE_sCMOS\Own Project_David code\sCMOS_MLE_YL\sCMOS_MLE\x64\Release\CL.write.1.tlog
D:\EMBL\Yale\Code\Matlab\MLE_sCMOS\Own Project_David code\sCMOS_MLE_YL\sCMOS_MLE\x64\Release\GPUgaussMLEv2_db_yl.cu.cache
D:\EMBL\Yale\Code\Matlab\MLE_sCMOS\Own Project_David code\sCMOS_MLE_YL\sCMOS_MLE\x64\Release\GPUgaussMLEv2_db_yl.cu.obj
D:\EMBL\Yale\Code\Matlab\MLE_sCMOS\Own Project_David code\sCMOS_MLE_YL\sCMOS_MLE\x64\Release\link.command.1.tlog
D:\EMBL\Yale\Code\Matlab\MLE_sCMOS\Own Project_David code\sCMOS_MLE_YL\sCMOS_MLE\x64\Release\link.read.1.tlog
D:\EMBL\Yale\Code\Matlab\MLE_sCMOS\Own Project_David code\sCMOS_MLE_YL\sCMOS_MLE\x64\Release\link.write.1.tlog
D:\EMBL\YALE\CODE\MATLAB\MLE_SCMOS\OWN PROJECT_DAVID CODE\SCMOS_MLE_YL\SCMOS_MLE\X64\RELEASE\MEXFUNCTION.OBJ
D:\EMBL\Yale\Code\Matlab\MLE_sCMOS\Own Project_David code\sCMOS_MLE_YL\sCMOS_MLE\x64\Release\mt.command.1.tlog
D:\EMBL\Yale\Code\Matlab\MLE_sCMOS\Own Project_David code\sCMOS_MLE_YL\sCMOS_MLE\x64\Release\mt.read.1.tlog
D:\EMBL\Yale\Code\Matlab\MLE_sCMOS\Own Project_David code\sCMOS_MLE_YL\sCMOS_MLE\x64\Release\mt.write.1.tlog
D:\EMBL\YALE\CODE\MATLAB\MLE_SCMOS\OWN PROJECT_DAVID CODE\SCMOS_MLE_YL\SCMOS_MLE\X64\RELEASE\SCMOS_MLE.MEXW64.INTERMEDIATE.MANIFEST
D:\EMBL\Yale\Code\Matlab\MLE_sCMOS\Own Project_David code\sCMOS_MLE_YL\sCMOS_MLE\x64\Release\sCMOS_MLE.vcxprojResolveAssemblyReference.cache
D:\EMBL\Yale\Code\Matlab\MLE_sCMOS\Own Project_David code\sCMOS_MLE_YL\sCMOS_MLE\x64\Release\sCMOS_MLE.write.1.tlog
D:\EMBL\YALE\CODE\MATLAB\MLE_SCMOS\OWN PROJECT_DAVID CODE\SCMOS_MLE_YL\SCMOS_MLE\X64\RELEASE\VC100.PDB
D:\EMBL\Yale\Code\Matlab\MLE_sCMOS\Own Project_David code\sCMOS_MLE_YL\sCMOS_MLE\x64\Release\wrapper_db.cu.cache
D:\EMBL\Yale\Code\Matlab\MLE_sCMOS\Own Project_David code\sCMOS_MLE_YL\sCMOS_MLE\x64\Release\wrapper_db.cu.obj
D:\EMBL\Yale\Code\Matlab\MLE_sCMOS\Own Project_David code\sCMOS_MLE_YL\x64\Release\sCMOS_MLE.exp
D:\EMBL\Yale\Code\Matlab\MLE_sCMOS\Own Project_David code\sCMOS_MLE_YL\x64\Release\sCMOS_MLE.lib
D:\EMBL\YALE\CODE\MATLAB\MLE_SCMOS\OWN PROJECT_DAVID CODE\SCMOS_MLE_YL\X64\RELEASE\SCMOS_MLE.MEXW64
